INFO:     Started server process [15632]
INFO:     Waiting for application startup.
INFO:     Application startup complete.
INFO:     Uvicorn running on http://127.0.0.1:8000 (Press CTRL+C to quit)
ERROR:    Exception in ASGI application
Traceback (most recent call last):
  File "C:\Users\diego\OneDrive\Escritorio\PROYECTOS\BarcodePaymentSystem\BarcodePaymentSystem\.venv\Lib\site-packages\sqlalchemy\engine\base.py", line 1967, in _exec_single_context
    self.dialect.do_execute(
  File "C:\Users\diego\OneDrive\Escritorio\PROYECTOS\BarcodePaymentSystem\BarcodePaymentSystem\.venv\Lib\site-packages\sqlalchemy\engine\default.py", line 952, in do_execute
    cursor.execute(statement, parameters)
sqlite3.OperationalError: no such column: products.created_at

The above exception was the direct cause of the following exception:

Traceback (most recent call last):
  File "C:\Users\diego\OneDrive\Escritorio\PROYECTOS\BarcodePaymentSystem\BarcodePaymentSystem\.venv\Lib\site-packages\uvicorn\protocols\http\h11_impl.py", line 415, in run_asgi
    result = await app(  # type: ignore[func-returns-value]
             ^^^^^^^^^^^^^^^^^^^^^^^^^^^^^^^^^^^^^^^^^^^^^^
  File "C:\Users\diego\OneDrive\Escritorio\PROYECTOS\BarcodePaymentSystem\BarcodePaymentSystem\.venv\Lib\site-packages\uvicorn\middleware\proxy_headers.py", line 56, in __call__
    return await self.app(scope, receive, send)
           ^^^^^^^^^^^^^^^^^^^^^^^^^^^^^^^^^^^^
  File "C:\Users\diego\OneDrive\Escritorio\PROYECTOS\BarcodePaymentSystem\BarcodePaymentSystem\.venv\Lib\site-packages\fastapi\applications.py", line 1159, in __call__
    await super().__call__(scope, receive, send)
  File "C:\Users\diego\OneDrive\Escritorio\PROYECTOS\BarcodePaymentSystem\BarcodePaymentSystem\.venv\Lib\site-packages\starlette\applications.py", line 90, in __call__
    await self.middleware_stack(scope, receive, send)
  File "C:\Users\diego\OneDrive\Escritorio\PROYECTOS\BarcodePaymentSystem\BarcodePaymentSystem\.venv\Lib\site-packages\starlette\middleware\errors.py", line 186, in __call__
    raise exc
  File "C:\Users\diego\OneDrive\Escritorio\PROYECTOS\BarcodePaymentSystem\BarcodePaymentSystem\.venv\Lib\site-packages\starlette\middleware\errors.py", line 164, in __call__
    await self.app(scope, receive, _send)
  File "C:\Users\diego\OneDrive\Escritorio\PROYECTOS\BarcodePaymentSystem\BarcodePaymentSystem\.venv\Lib\site-packages\starlette\middleware\cors.py", line 96, in __call__
    await self.simple_response(scope, receive, send, request_headers=headers)
  File "C:\Users\diego\OneDrive\Escritorio\PROYECTOS\BarcodePaymentSystem\BarcodePaymentSystem\.venv\Lib\site-packages\starlette\middleware\cors.py", line 154, in simple_response
    await self.app(scope, receive, send)
  File "C:\Users\diego\OneDrive\Escritorio\PROYECTOS\BarcodePaymentSystem\BarcodePaymentSystem\.venv\Lib\site-packages\starlette\middleware\exceptions.py", line 63, in __call__
    await wrap_app_handling_exceptions(self.app, conn)(scope, receive, send)
  File "C:\Users\diego\OneDrive\Escritorio\PROYECTOS\BarcodePaymentSystem\BarcodePaymentSystem\.venv\Lib\site-packages\starlette\_exception_handler.py", line 53, in wrapped_app
    raise exc
  File "C:\Users\diego\OneDrive\Escritorio\PROYECTOS\BarcodePaymentSystem\BarcodePaymentSystem\.venv\Lib\site-packages\starlette\_exception_handler.py", line 42, in wrapped_app
    await app(scope, receive, sender)
  File "C:\Users\diego\OneDrive\Escritorio\PROYECTOS\BarcodePaymentSystem\BarcodePaymentSystem\.venv\Lib\site-packages\fastapi\middleware\asyncexitstack.py", line 18, in __call__
    await self.app(scope, receive, send)
  File "C:\Users\diego\OneDrive\Escritorio\PROYECTOS\BarcodePaymentSystem\BarcodePaymentSystem\.venv\Lib\site-packages\starlette\routing.py", line 660, in __call__
    await self.middleware_stack(scope, receive, send)
  File "C:\Users\diego\OneDrive\Escritorio\PROYECTOS\BarcodePaymentSystem\BarcodePaymentSystem\.venv\Lib\site-packages\starlette\routing.py", line 680, in app
    await route.handle(scope, receive, send)
  File "C:\Users\diego\OneDrive\Escritorio\PROYECTOS\BarcodePaymentSystem\BarcodePaymentSystem\.venv\Lib\site-packages\starlette\routing.py", line 276, in handle
    await self.app(scope, receive, send)
  File "C:\Users\diego\OneDrive\Escritorio\PROYECTOS\BarcodePaymentSystem\BarcodePaymentSystem\.venv\Lib\site-packages\fastapi\routing.py", line 134, in app
    await wrap_app_handling_exceptions(app, request)(scope, receive, send)
  File "C:\Users\diego\OneDrive\Escritorio\PROYECTOS\BarcodePaymentSystem\BarcodePaymentSystem\.venv\Lib\site-packages\starlette\_exception_handler.py", line 53, in wrapped_app
    raise exc
  File "C:\Users\diego\OneDrive\Escritorio\PROYECTOS\BarcodePaymentSystem\BarcodePaymentSystem\.venv\Lib\site-packages\starlette\_exception_handler.py", line 42, in wrapped_app
    await app(scope, receive, sender)
  File "C:\Users\diego\OneDrive\Escritorio\PROYECTOS\BarcodePaymentSystem\BarcodePaymentSystem\.venv\Lib\site-packages\fastapi\routing.py", line 120, in app
    response = await f(request)
               ^^^^^^^^^^^^^^^^
  File "C:\Users\diego\OneDrive\Escritorio\PROYECTOS\BarcodePaymentSystem\BarcodePaymentSystem\.venv\Lib\site-packages\fastapi\routing.py", line 674, in app
    raw_response = await run_endpoint_function(
                   ^^^^^^^^^^^^^^^^^^^^^^^^^^^^
  File "C:\Users\diego\OneDrive\Escritorio\PROYECTOS\BarcodePaymentSystem\BarcodePaymentSystem\.venv\Lib\site-packages\fastapi\routing.py", line 330, in run_endpoint_function
    return await run_in_threadpool(dependant.call, **values)
           ^^^^^^^^^^^^^^^^^^^^^^^^^^^^^^^^^^^^^^^^^^^^^^^^^
  File "C:\Users\diego\OneDrive\Escritorio\PROYECTOS\BarcodePaymentSystem\BarcodePaymentSystem\.venv\Lib\site-packages\starlette\concurrency.py", line 32, in run_in_threadpool
    return await anyio.to_thread.run_sync(func)
           ^^^^^^^^^^^^^^^^^^^^^^^^^^^^^^^^^^^^
  File "C:\Users\diego\OneDrive\Escritorio\PROYECTOS\BarcodePaymentSystem\BarcodePaymentSystem\.venv\Lib\site-packages\anyio\to_thread.py", line 63, in run_sync
    return await get_async_backend().run_sync_in_worker_thread(
           ^^^^^^^^^^^^^^^^^^^^^^^^^^^^^^^^^^^^^^^^^^^^^^^^^^^^
  File "C:\Users\diego\OneDrive\Escritorio\PROYECTOS\BarcodePaymentSystem\BarcodePaymentSystem\.venv\Lib\site-packages\anyio\_backends\_asyncio.py", line 2518, in run_sync_in_worker_thread
    return await future
           ^^^^^^^^^^^^
  File "C:\Users\diego\OneDrive\Escritorio\PROYECTOS\BarcodePaymentSystem\BarcodePaymentSystem\.venv\Lib\site-packages\anyio\_backends\_asyncio.py", line 1002, in run
    result = context.run(func, *args)
             ^^^^^^^^^^^^^^^^^^^^^^^^
  File "C:\Users\diego\OneDrive\Escritorio\PROYECTOS\BarcodePaymentSystem\BarcodePaymentSystem\Backend\api\routes\controller_products.py", line 58, in create
    productCreate = service.create(data.barcode, data.name.lower(), data.price, data.description.lower())
                    ^^^^^^^^^^^^^^^^^^^^^^^^^^^^^^^^^^^^^^^^^^^^^^^^^^^^^^^^^^^^^^^^^^^^^^^^^^^^^^^^^^^^^
  File "C:\Users\diego\OneDrive\Escritorio\PROYECTOS\BarcodePaymentSystem\BarcodePaymentSystem\Backend\services\product_service.py", line 39, in create
    if self.repo.get_by_barcode(barcode):
       ^^^^^^^^^^^^^^^^^^^^^^^^^^^^^^^^^
  File "C:\Users\diego\OneDrive\Escritorio\PROYECTOS\BarcodePaymentSystem\BarcodePaymentSystem\Backend\repositories\product_repository.py", line 17, in get_by_barcode
    return self.db.query(Product).filter(Product.barcode == barcode).first()
           ^^^^^^^^^^^^^^^^^^^^^^^^^^^^^^^^^^^^^^^^^^^^^^^^^^^^^^^^^^^^^^^^^
  File "C:\Users\diego\OneDrive\Escritorio\PROYECTOS\BarcodePaymentSystem\BarcodePaymentSystem\.venv\Lib\site-packages\sqlalchemy\orm\query.py", line 2766, in first
    return self.limit(1)._iter().first()  # type: ignore
           ^^^^^^^^^^^^^^^^^^^^^
  File "C:\Users\diego\OneDrive\Escritorio\PROYECTOS\BarcodePaymentSystem\BarcodePaymentSystem\.venv\Lib\site-packages\sqlalchemy\orm\query.py", line 2864, in _iter
    result: Union[ScalarResult[_T], Result[_T]] = self.session.execute(
                                                  ^^^^^^^^^^^^^^^^^^^^^
  File "C:\Users\diego\OneDrive\Escritorio\PROYECTOS\BarcodePaymentSystem\BarcodePaymentSystem\.venv\Lib\site-packages\sqlalchemy\orm\session.py", line 2351, in execute
    return self._execute_internal(
           ^^^^^^^^^^^^^^^^^^^^^^^
  File "C:\Users\diego\OneDrive\Escritorio\PROYECTOS\BarcodePaymentSystem\BarcodePaymentSystem\.venv\Lib\site-packages\sqlalchemy\orm\session.py", line 2249, in _execute_internal
    result: Result[Any] = compile_state_cls.orm_execute_statement(
                          ^^^^^^^^^^^^^^^^^^^^^^^^^^^^^^^^^^^^^^^^
  File "C:\Users\diego\OneDrive\Escritorio\PROYECTOS\BarcodePaymentSystem\BarcodePaymentSystem\.venv\Lib\site-packages\sqlalchemy\orm\context.py", line 306, in orm_execute_statement
    result = conn.execute(
             ^^^^^^^^^^^^^
  File "C:\Users\diego\OneDrive\Escritorio\PROYECTOS\BarcodePaymentSystem\BarcodePaymentSystem\.venv\Lib\site-packages\sqlalchemy\engine\base.py", line 1419, in execute
    return meth(
           ^^^^^
  File "C:\Users\diego\OneDrive\Escritorio\PROYECTOS\BarcodePaymentSystem\BarcodePaymentSystem\.venv\Lib\site-packages\sqlalchemy\sql\elements.py", line 527, in _execute_on_connection
    return connection._execute_clauseelement(
           ^^^^^^^^^^^^^^^^^^^^^^^^^^^^^^^^^^
  File "C:\Users\diego\OneDrive\Escritorio\PROYECTOS\BarcodePaymentSystem\BarcodePaymentSystem\.venv\Lib\site-packages\sqlalchemy\engine\base.py", line 1641, in _execute_clauseelement
    ret = self._execute_context(
          ^^^^^^^^^^^^^^^^^^^^^^
  File "C:\Users\diego\OneDrive\Escritorio\PROYECTOS\BarcodePaymentSystem\BarcodePaymentSystem\.venv\Lib\site-packages\sqlalchemy\engine\base.py", line 1846, in _execute_context
    return self._exec_single_context(
           ^^^^^^^^^^^^^^^^^^^^^^^^^^
  File "C:\Users\diego\OneDrive\Escritorio\PROYECTOS\BarcodePaymentSystem\BarcodePaymentSystem\.venv\Lib\site-packages\sqlalchemy\engine\base.py", line 1986, in _exec_single_context
    self._handle_dbapi_exception(
  File "C:\Users\diego\OneDrive\Escritorio\PROYECTOS\BarcodePaymentSystem\BarcodePaymentSystem\.venv\Lib\site-packages\sqlalchemy\engine\base.py", line 2363, in _handle_dbapi_exception
    raise sqlalchemy_exception.with_traceback(exc_info[2]) from e
  File "C:\Users\diego\OneDrive\Escritorio\PROYECTOS\BarcodePaymentSystem\BarcodePaymentSystem\.venv\Lib\site-packages\sqlalchemy\engine\base.py", line 1967, in _exec_single_context
    self.dialect.do_execute(
  File "C:\Users\diego\OneDrive\Escritorio\PROYECTOS\BarcodePaymentSystem\BarcodePaymentSystem\.venv\Lib\site-packages\sqlalchemy\engine\default.py", line 952, in do_execute
    cursor.execute(statement, parameters)
sqlalchemy.exc.OperationalError: (sqlite3.OperationalError) no such column: products.created_at
[SQL: SELECT products.id AS products_id, products.name AS products_name, products.description AS products_description, products.price AS products_price, products.barcode AS products_barcode, products.created_at AS products_created_at, products.updated_at AS products_updated_at, products.stock AS products_stock 
FROM products 
WHERE products.barcode = ?
 LIMIT ? OFFSET ?]
[parameters: ('1793291273981232', 1, 0)]
(Background on this error at: https://sqlalche.me/e/20/e3q8)
